Mplus VERSION 8.7 DEMO
MUTHEN & MUTHEN
04/04/2022   7:49 PM

INPUT INSTRUCTIONS

    TITLE:	Exercise 2C - Lab 1
    DATA:	FILE IS Grnt_mal.dat;
    VARIABLE:	NAMES ARE y1-y6;
    MODEL:	
      f1 BY y1-y3;
    	f2 BY y4-y6;
    OUTPUT: TECH1 STDYX TECH4;



INPUT READING TERMINATED NORMALLY



Exercise 2C - Lab 1

SUMMARY OF ANALYSIS

Number of groups                                                 1
Number of observations                                          72

Number of dependent variables                                    6
Number of independent variables                                  0
Number of continuous latent variables                            2

Observed dependent variables

  Continuous
   Y1          Y2          Y3          Y4          Y5          Y6

Continuous latent variables
   F1          F2


Estimator                                                       ML
Information matrix                                        OBSERVED
Maximum number of iterations                                  1000
Convergence criterion                                    0.500D-04
Maximum number of steepest descent iterations                   20

Input data file(s)
  Grnt_mal.dat

Input data format  FREE



UNIVARIATE SAMPLE STATISTICS


     UNIVARIATE HIGHER-ORDER MOMENT DESCRIPTIVE STATISTICS

         Variable/         Mean/     Skewness/   Minimum/ % with                Percentiles
        Sample Size      Variance    Kurtosis    Maximum  Min/Max      20%/60%    40%/80%    Median

     Y1                   29.847       0.169      16.000    4.17%      24.000     28.000     29.500
              72.000      47.629       0.021      51.000    1.39%      31.000     36.000
     Y2                   24.903       0.654      16.000    1.39%      21.000     23.000     24.000
              72.000      18.949      -0.021      37.000    1.39%      26.000     28.000
     Y3                   17.111       0.413       3.000    1.39%       9.000     14.000     15.000
              72.000      73.154      -0.855      35.000    1.39%      18.000     26.000
     Y4                    9.306       0.270       1.000    1.39%       7.000      9.000      9.000
              72.000       9.268       0.604      18.000    1.39%      10.000     12.000
     Y5                   18.389      -0.179       7.000    1.39%      15.000     17.000     19.000
              72.000      17.265      -0.369      26.000    4.17%      19.000     23.000
     Y6                   16.542       0.873       4.000    2.78%      10.000     13.000     16.000
              72.000      56.026       0.752      39.000    1.39%      17.000     23.000


THE MODEL ESTIMATION TERMINATED NORMALLY



MODEL FIT INFORMATION

Number of Free Parameters                       19

Loglikelihood

          H0 Value                       -1268.539
          H1 Value                       -1264.165

Information Criteria

          Akaike (AIC)                    2575.077
          Bayesian (BIC)                  2618.334
          Sample-Size Adjusted BIC        2558.472
            (n* = (n + 2) / 24)

Chi-Square Test of Model Fit

          Value                              8.748
          Degrees of Freedom                     8
          P-Value                           0.3640

RMSEA (Root Mean Square Error Of Approximation)

          Estimate                           0.036
          90 Percent C.I.                    0.000  0.146
          Probability RMSEA <= .05           0.495

CFI/TLI

          CFI                                0.995
          TLI                                0.990

Chi-Square Test of Model Fit for the Baseline Model

          Value                            151.949
          Degrees of Freedom                    15
          P-Value                           0.0000

SRMR (Standardized Root Mean Square Residual)

          Value                              0.041



MODEL RESULTS

                                                    Two-Tailed
                    Estimate       S.E.  Est./S.E.    P-Value

 F1       BY
    Y1                 1.000      0.000    999.000    999.000
    Y2                 0.450      0.187      2.402      0.016
    Y3                 1.510      0.485      3.116      0.002

 F2       BY
    Y4                 1.000      0.000    999.000    999.000
    Y5                 1.275      0.169      7.526      0.000
    Y6                 2.294      0.320      7.160      0.000

 F2       WITH
    F1                 6.840      2.543      2.689      0.007

 Intercepts
    Y1                29.847      0.813     36.697      0.000
    Y2                24.903      0.513     48.543      0.000
    Y3                17.111      1.008     16.976      0.000
    Y4                 9.306      0.359     25.937      0.000
    Y5                18.389      0.490     37.552      0.000
    Y6                16.542      0.882     18.752      0.000

 Variances
    F1                16.057      7.593      2.115      0.034
    F2                 6.903      1.624      4.252      0.000

 Residual Variances
    Y1                31.573      7.073      4.464      0.000
    Y2                15.693      2.900      5.412      0.000
    Y3                36.524     12.183      2.998      0.003
    Y4                 2.364      0.749      3.157      0.002
    Y5                 6.035      1.416      4.263      0.000
    Y6                19.697      4.838      4.071      0.000


QUALITY OF NUMERICAL RESULTS

     Condition Number for the Information Matrix              0.706E-03
       (ratio of smallest to largest eigenvalue)


STANDARDIZED MODEL RESULTS


STDYX Standardization

                                                    Two-Tailed
                    Estimate       S.E.  Est./S.E.    P-Value

 F1       BY
    Y1                 0.581      0.116      5.015      0.000
    Y2                 0.415      0.126      3.290      0.001
    Y3                 0.708      0.118      6.012      0.000

 F2       BY
    Y4                 0.863      0.050     17.301      0.000
    Y5                 0.807      0.055     14.783      0.000
    Y6                 0.805      0.057     14.085      0.000

 F2       WITH
    F1                 0.650      0.126      5.145      0.000

 Intercepts
    Y1                 4.325      0.379     11.406      0.000
    Y2                 5.721      0.491     11.649      0.000
    Y3                 2.001      0.204      9.799      0.000
    Y4                 3.057      0.281     10.891      0.000
    Y5                 4.426      0.387     11.431      0.000
    Y6                 2.210      0.219     10.108      0.000

 Variances
    F1                 1.000      0.000    999.000    999.000
    F2                 1.000      0.000    999.000    999.000

 Residual Variances
    Y1                 0.663      0.134      4.931      0.000
    Y2                 0.828      0.104      7.928      0.000
    Y3                 0.499      0.167      2.997      0.003
    Y4                 0.255      0.086      2.963      0.003
    Y5                 0.350      0.088      3.972      0.000
    Y6                 0.352      0.092      3.818      0.000


R-SQUARE

    Observed                                        Two-Tailed
    Variable        Estimate       S.E.  Est./S.E.    P-Value

    Y1                 0.337      0.134      2.508      0.012
    Y2                 0.172      0.104      1.645      0.100
    Y3                 0.501      0.167      3.006      0.003
    Y4                 0.745      0.086      8.651      0.000
    Y5                 0.650      0.088      7.391      0.000
    Y6                 0.648      0.092      7.043      0.000


TECHNICAL 1 OUTPUT


     PARAMETER SPECIFICATION


           NU
              Y1            Y2            Y3            Y4            Y5
              ________      ________      ________      ________      ________
                  1             2             3             4             5


           NU
              Y6
              ________
                  6


           LAMBDA
              F1            F2
              ________      ________
 Y1                 0             0
 Y2                 7             0
 Y3                 8             0
 Y4                 0             0
 Y5                 0             9
 Y6                 0            10


           THETA
              Y1            Y2            Y3            Y4            Y5
              ________      ________      ________      ________      ________
 Y1                11
 Y2                 0            12
 Y3                 0             0            13
 Y4                 0             0             0            14
 Y5                 0             0             0             0            15
 Y6                 0             0             0             0             0


           THETA
              Y6
              ________
 Y6                16


           ALPHA
              F1            F2
              ________      ________
                  0             0


           BETA
              F1            F2
              ________      ________
 F1                 0             0
 F2                 0             0


           PSI
              F1            F2
              ________      ________
 F1                17
 F2                18            19


     STARTING VALUES


           NU
              Y1            Y2            Y3            Y4            Y5
              ________      ________      ________      ________      ________
               29.847        24.903        17.111         9.306        18.389


           NU
              Y6
              ________
               16.542


           LAMBDA
              F1            F2
              ________      ________
 Y1             1.000         0.000
 Y2             0.537         0.000
 Y3             2.678         0.000
 Y4             0.000         1.000
 Y5             0.000         1.349
 Y6             0.000         2.322


           THETA
              Y1            Y2            Y3            Y4            Y5
              ________      ________      ________      ________      ________
 Y1            23.815
 Y2             0.000         9.474
 Y3             0.000         0.000        36.577
 Y4             0.000         0.000         0.000         4.634
 Y5             0.000         0.000         0.000         0.000         8.633
 Y6             0.000         0.000         0.000         0.000         0.000


           THETA
              Y6
              ________
 Y6            28.013


           ALPHA
              F1            F2
              ________      ________
                0.000         0.000


           BETA
              F1            F2
              ________      ________
 F1             0.000         0.000
 F2             0.000         0.000


           PSI
              F1            F2
              ________      ________
 F1             0.050
 F2             0.000         0.050


TECHNICAL 4 OUTPUT


     ESTIMATES DERIVED FROM THE MODEL


           ESTIMATED MEANS FOR THE LATENT VARIABLES
              F1            F2
              ________      ________
                0.000         0.000


           S.E. FOR ESTIMATED MEANS FOR THE LATENT VARIABLES
              F1            F2
              ________      ________
                0.000         0.000


           EST./S.E. FOR ESTIMATED MEANS FOR THE LATENT VARIABLES
              F1            F2
              ________      ________
                0.000         0.000


           TWO-TAILED P-VALUE FOR ESTIMATED MEANS FOR THE LATENT VARIABLES
              F1            F2
              ________      ________
                1.000         1.000


           ESTIMATED COVARIANCE MATRIX FOR THE LATENT VARIABLES
              F1            F2
              ________      ________
 F1            16.057
 F2             6.840         6.903


           S.E. FOR ESTIMATED COVARIANCE MATRIX FOR THE LATENT VARIABLES
              F1            F2
              ________      ________
 F1             7.593
 F2             2.543         1.624


           EST./S.E. FOR ESTIMATED COVARIANCE MATRIX FOR THE LATENT VARIABLES
              F1            F2
              ________      ________
 F1             2.115
 F2             2.689         4.252


           TWO-TAILED P-VALUE FOR ESTIMATED COVARIANCE MATRIX FOR THE LATENT VARIABLES
              F1            F2
              ________      ________
 F1             0.034
 F2             0.007         0.000


           ESTIMATED CORRELATION MATRIX FOR THE LATENT VARIABLES
              F1            F2
              ________      ________
 F1             1.000
 F2             0.650         1.000


           S.E. FOR ESTIMATED CORRELATION MATRIX FOR THE LATENT VARIABLES
              F1            F2
              ________      ________
 F1             0.000
 F2             0.126         0.000


           EST./S.E. FOR ESTIMATED CORRELATION MATRIX FOR THE LATENT VARIABLES
              F1            F2
              ________      ________
 F1           999.000
 F2             5.145       999.000


           TWO-TAILED P-VALUE FOR ESTIMATED CORRELATION MATRIX FOR THE LATENT VARIABLES
              F1            F2
              ________      ________
 F1             0.000
 F2             0.000         0.000


DIAGRAM INFORMATION

  Use View Diagram under the Diagram menu in the Mplus Editor to view the diagram.
  If running Mplus from the Mplus Diagrammer, the diagram opens automatically.

  Diagram output
    c:\users\nina-\documents\github\causal-inference-sem\structural-equation-modelling\data lab 1\lab1ex2.dgm

     Beginning Time:  19:49:27
        Ending Time:  19:49:27
       Elapsed Time:  00:00:00


Mplus VERSION 8.7 DEMO has the following limitations:
  Maximum number of dependent variables: 6
  Maximum number of independent variables: 2
  Maximum number of between variables: 2
  Maximum number of continuous latent variables in time series analysis: 2


MUTHEN & MUTHEN
3463 Stoner Ave.
Los Angeles, CA  90066

Tel: (310) 391-9971
Fax: (310) 391-8971
Web: www.StatModel.com
Support: Support@StatModel.com

Copyright (c) 1998-2021 Muthen & Muthen
