Mplus VERSION 8.7 DEMO (Mac)
MUTHEN & MUTHEN
05/25/2022   2:17 PM

INPUT INSTRUCTIONS

  TITLE: 		SEM-Exam;

  DATA:		FILE IS reading.dat;

  VARIABLE:		NAMES ARE Decod Vocab Read Math Moti IQ;

  MODEL:		Decod ON Moti IQ;
  		Vocab ON Moti IQ;
  		Vocab WITH Decod;
  		Read ON Decod Moti IQ Vocab;
  		Math ON Moti IQ Vocab Decod;
  		Read WITH Math;
  		[Moti];
  		[IQ];
  		Moti WITH IQ@0;
  		
  MODEL INDIRECT:	Read IND IQ;
  		Read IND Moti;
  		Math IND IQ;
  		Math IND Moti;

  		
  OUTPUT:		SAMPSTAT TECH1;



INPUT READING TERMINATED NORMALLY



SEM-Exam;

SUMMARY OF ANALYSIS

Number of groups                                                 1
Number of observations                                         578

Number of dependent variables                                    4
Number of independent variables                                  2
Number of continuous latent variables                            0

Observed dependent variables

  Continuous
   DECOD       VOCAB       READ        MATH

Observed independent variables
   MOTI        IQ


Estimator                                                       ML
Information matrix                                        OBSERVED
Maximum number of iterations                                  1000
Convergence criterion                                    0.500D-04
Maximum number of steepest descent iterations                   20

Input data file(s)
  reading.dat

Input data format  FREE


SAMPLE STATISTICS


     SAMPLE STATISTICS


           Means
              DECOD         VOCAB         READ          MATH          MOTI
              ________      ________      ________      ________      ________
              112.510        83.812       321.930       281.106         9.571


           Means
              IQ
              ________
              110.153


           Covariances
              DECOD         VOCAB         READ          MATH          MOTI
              ________      ________      ________      ________      ________
 DECOD        121.897
 VOCAB         32.411        38.912
 READ         130.139        78.951       420.814
 MATH          94.273        95.439       211.997       683.633
 MOTI          11.732        18.995        39.794        57.068        37.314
 IQ            52.274        50.804        99.421       266.583         6.926


           Covariances
              IQ
              ________
 IQ           217.200


           Correlations
              DECOD         VOCAB         READ          MATH          MOTI
              ________      ________      ________      ________      ________
 DECOD          1.000
 VOCAB          0.471         1.000
 READ           0.575         0.617         1.000
 MATH           0.327         0.585         0.395         1.000
 MOTI           0.174         0.499         0.318         0.357         1.000
 IQ             0.321         0.553         0.329         0.692         0.077


           Correlations
              IQ
              ________
 IQ             1.000


UNIVARIATE SAMPLE STATISTICS


     UNIVARIATE HIGHER-ORDER MOMENT DESCRIPTIVE STATISTICS

         Variable/         Mean/     Skewness/   Minimum/ % with                Percentiles
        Sample Size      Variance    Kurtosis    Maximum  Min/Max      20%/60%    40%/80%    Median

     DECOD               112.510       0.037      77.955    0.17%     103.112    109.866    112.246
             578.000     121.897       0.279     148.545    0.17%     115.499    121.253
     VOCAB                83.812       0.040      67.235    0.17%      78.261     82.457     84.130
             578.000      38.912      -0.153     101.653    0.17%      85.462     88.717
     READ                321.930       0.024     259.553    0.17%     305.590    316.083    321.105
             578.000     420.814      -0.160     378.129    0.17%     325.904    339.430
     MATH                281.106       0.027     208.918    0.17%     257.792    273.866    282.151
             578.000     683.633      -0.308     355.172    0.17%     288.209    302.608
     MOTI                  9.571       0.030      -8.102    0.17%       4.163      7.909      9.584
             578.000      37.314      -0.121      28.853    0.17%      11.326     14.880
     IQ                  110.153       0.202      64.847    0.17%      97.944    105.979    109.475
             578.000     217.200       0.138     154.935    0.17%     113.243    122.201


THE MODEL ESTIMATION TERMINATED NORMALLY



MODEL FIT INFORMATION

Number of Free Parameters                       26

Loglikelihood

          H0 Value                      -12871.234
          H1 Value                      -12869.519

Information Criteria

          Akaike (AIC)                   25794.469
          Bayesian (BIC)                 25907.817
          Sample-Size Adjusted BIC       25825.278
            (n* = (n + 2) / 24)

Chi-Square Test of Model Fit

          Value                              3.431
          Degrees of Freedom                     1
          P-Value                           0.0640

RMSEA (Root Mean Square Error Of Approximation)

          Estimate                           0.065
          90 Percent C.I.                    0.000  0.145
          Probability RMSEA <= .05           0.259

CFI/TLI

          CFI                                0.998
          TLI                                0.976

Chi-Square Test of Model Fit for the Baseline Model

          Value                           1459.091
          Degrees of Freedom                    14
          P-Value                           0.0000

SRMR (Standardized Root Mean Square Residual)

          Value                              0.067



MODEL RESULTS

                                                    Two-Tailed
                    Estimate       S.E.  Est./S.E.    P-Value

 DECOD    ON
    MOTI               0.271      0.071      3.849      0.000
    IQ                 0.232      0.029      7.939      0.000

 VOCAB    ON
    MOTI               0.468      0.030     15.782      0.000
    IQ                 0.219      0.012     17.799      0.000

 READ     ON
    DECOD              0.689      0.063     10.925      0.000
    MOTI               0.109      0.120      0.906      0.365
    IQ                -0.057      0.052     -1.096      0.273
    VOCAB              1.476      0.150      9.853      0.000

 MATH     ON
    MOTI               1.063      0.139      7.676      0.000
    IQ                 1.061      0.060     17.764      0.000
    VOCAB              0.473      0.173      2.742      0.006
    DECOD              0.090      0.073      1.242      0.214

 VOCAB    WITH
    DECOD             15.469      1.974      7.836      0.000

 READ     WITH
    MATH              15.096     10.363      1.457      0.145

 MOTI     WITH
    IQ                 0.000      0.000    999.000    999.000

 Means
    MOTI               9.571      0.254     37.671      0.000
    IQ               110.153      0.613    179.691      0.000

 Intercepts
    DECOD             84.355      3.266     25.826      0.000
    VOCAB             55.208      1.375     40.151      0.000
    READ             125.909      9.380     13.423      0.000
    MATH             104.243     10.804      9.649      0.000

 Variances
    MOTI              37.314      2.195     17.000      0.000
    IQ               217.202     12.777     17.000      0.000

 Residual Variances
    DECOD            106.585      6.270     17.000      0.000
    VOCAB             18.889      1.111     17.000      0.000
    READ             215.919     12.701     17.000      0.000
    MATH             286.430     16.849     17.000      0.000


QUALITY OF NUMERICAL RESULTS

     Condition Number for the Information Matrix              0.113E-05
       (ratio of smallest to largest eigenvalue)


TOTAL, TOTAL INDIRECT, SPECIFIC INDIRECT, AND DIRECT EFFECTS


                                                    Two-Tailed
                    Estimate       S.E.  Est./S.E.    P-Value

Effects from IQ to READ

  Total                0.426      0.052      8.177      0.000
  Total indirect       0.483      0.044     10.949      0.000

  Specific indirect 1
    READ
    DECOD
    IQ                 0.160      0.025      6.423      0.000

  Specific indirect 2
    READ
    VOCAB
    IQ                 0.323      0.037      8.620      0.000

  Direct
    READ
    IQ                -0.057      0.052     -1.096      0.273


Effects from MOTI to READ

  Total                0.987      0.126      7.850      0.000
  Total indirect       0.878      0.101      8.725      0.000

  Specific indirect 1
    READ
    DECOD
    MOTI               0.187      0.052      3.630      0.000

  Specific indirect 2
    READ
    VOCAB
    MOTI               0.691      0.083      8.358      0.000

  Direct
    READ
    MOTI               0.109      0.120      0.906      0.365


Effects from IQ to MATH

  Total                1.186      0.048     24.475      0.000
  Total indirect       0.125      0.036      3.423      0.001

  Specific indirect 1
    MATH
    DECOD
    IQ                 0.021      0.017      1.227      0.220

  Specific indirect 2
    MATH
    VOCAB
    IQ                 0.104      0.038      2.710      0.007

  Direct
    MATH
    IQ                 1.061      0.060     17.764      0.000


Effects from MOTI to MATH

  Total                1.309      0.117     11.203      0.000
  Total indirect       0.246      0.078      3.145      0.002

  Specific indirect 1
    MATH
    DECOD
    MOTI               0.024      0.021      1.182      0.237

  Specific indirect 2
    MATH
    VOCAB
    MOTI               0.222      0.082      2.702      0.007

  Direct
    MATH
    MOTI               1.063      0.139      7.676      0.000



TECHNICAL 1 OUTPUT


     PARAMETER SPECIFICATION


           NU
              DECOD         VOCAB         READ          MATH          MOTI
              ________      ________      ________      ________      ________
                  0             0             0             0             0


           NU
              IQ
              ________
                  0


           LAMBDA
              DECOD         VOCAB         READ          MATH          MOTI
              ________      ________      ________      ________      ________
 DECOD              0             0             0             0             0
 VOCAB              0             0             0             0             0
 READ               0             0             0             0             0
 MATH               0             0             0             0             0
 MOTI               0             0             0             0             0
 IQ                 0             0             0             0             0


           LAMBDA
              IQ
              ________
 DECOD              0
 VOCAB              0
 READ               0
 MATH               0
 MOTI               0
 IQ                 0


           THETA
              DECOD         VOCAB         READ          MATH          MOTI
              ________      ________      ________      ________      ________
 DECOD              0
 VOCAB              0             0
 READ               0             0             0
 MATH               0             0             0             0
 MOTI               0             0             0             0             0
 IQ                 0             0             0             0             0


           THETA
              IQ
              ________
 IQ                 0


           ALPHA
              DECOD         VOCAB         READ          MATH          MOTI
              ________      ________      ________      ________      ________
                  1             2             3             4             5


           ALPHA
              IQ
              ________
                  6


           BETA
              DECOD         VOCAB         READ          MATH          MOTI
              ________      ________      ________      ________      ________
 DECOD              0             0             0             0             7
 VOCAB              0             0             0             0             9
 READ              11            12             0             0            13
 MATH              15            16             0             0            17
 MOTI               0             0             0             0             0
 IQ                 0             0             0             0             0


           BETA
              IQ
              ________
 DECOD              8
 VOCAB             10
 READ              14
 MATH              18
 MOTI               0
 IQ                 0


           PSI
              DECOD         VOCAB         READ          MATH          MOTI
              ________      ________      ________      ________      ________
 DECOD             19
 VOCAB             20            21
 READ               0             0            22
 MATH               0             0            23            24
 MOTI               0             0             0             0            25
 IQ                 0             0             0             0             0


           PSI
              IQ
              ________
 IQ                26


     STARTING VALUES


           NU
              DECOD         VOCAB         READ          MATH          MOTI
              ________      ________      ________      ________      ________
                0.000         0.000         0.000         0.000         0.000


           NU
              IQ
              ________
                0.000


           LAMBDA
              DECOD         VOCAB         READ          MATH          MOTI
              ________      ________      ________      ________      ________
 DECOD          1.000         0.000         0.000         0.000         0.000
 VOCAB          0.000         1.000         0.000         0.000         0.000
 READ           0.000         0.000         1.000         0.000         0.000
 MATH           0.000         0.000         0.000         1.000         0.000
 MOTI           0.000         0.000         0.000         0.000         1.000
 IQ             0.000         0.000         0.000         0.000         0.000


           LAMBDA
              IQ
              ________
 DECOD          0.000
 VOCAB          0.000
 READ           0.000
 MATH           0.000
 MOTI           0.000
 IQ             1.000


           THETA
              DECOD         VOCAB         READ          MATH          MOTI
              ________      ________      ________      ________      ________
 DECOD          0.000
 VOCAB          0.000         0.000
 READ           0.000         0.000         0.000
 MATH           0.000         0.000         0.000         0.000
 MOTI           0.000         0.000         0.000         0.000         0.000
 IQ             0.000         0.000         0.000         0.000         0.000


           THETA
              IQ
              ________
 IQ             0.000


           ALPHA
              DECOD         VOCAB         READ          MATH          MOTI
              ________      ________      ________      ________      ________
              112.509        83.812       321.930       281.106         0.000


           ALPHA
              IQ
              ________
                0.000


           BETA
              DECOD         VOCAB         READ          MATH          MOTI
              ________      ________      ________      ________      ________
 DECOD          0.000         0.000         0.000         0.000         0.000
 VOCAB          0.000         0.000         0.000         0.000         0.000
 READ           0.000         0.000         0.000         0.000         0.000
 MATH           0.000         0.000         0.000         0.000         0.000
 MOTI           0.000         0.000         0.000         0.000         0.000
 IQ             0.000         0.000         0.000         0.000         0.000


           BETA
              IQ
              ________
 DECOD          0.000
 VOCAB          0.000
 READ           0.000
 MATH           0.000
 MOTI           0.000
 IQ             0.000


           PSI
              DECOD         VOCAB         READ          MATH          MOTI
              ________      ________      ________      ________      ________
 DECOD         60.948
 VOCAB          0.000        19.456
 READ           0.000         0.000       210.407
 MATH           0.000         0.000         0.000       341.816
 MOTI           0.000         0.000         0.000         0.000        18.657
 IQ             0.000         0.000         0.000         0.000         0.000


           PSI
              IQ
              ________
 IQ           108.600


     Beginning Time:  14:17:45
        Ending Time:  14:17:46
       Elapsed Time:  00:00:01


Mplus VERSION 8.7 DEMO (Mac) has the following limitations:
  Maximum number of dependent variables: 6
  Maximum number of independent variables: 2
  Maximum number of between variables: 2
  Maximum number of continuous latent variables in time series analysis: 2


MUTHEN & MUTHEN
3463 Stoner Ave.
Los Angeles, CA  90066

Tel: (310) 391-9971
Fax: (310) 391-8971
Web: www.StatModel.com
Support: Support@StatModel.com

Copyright (c) 1998-2021 Muthen & Muthen
