Mplus VERSION 7
MUTHEN & MUTHEN
06/11/2013  12:36 PM

INPUT INSTRUCTIONS

  TITLE:      Parenting style and depression in adolescents (Soenens et al., 2008)

  DATA:       TYPE IS MEANS STDEVIATIONS CORRELATION;
              FILE = Soenens.dat;
              NOBSERVATIONS = 396;

  VARIABLE:   NAMES ARE PsCon1 PsCon2 PsCon3 Resp1 Resp2 Resp3 BeCon1
              BeCon2 BeCon3 Dep1 Dep2 Dep3;
              USEVARIABLES = PsCon1 Dep1 PsCon2 Dep2 PsCon3 Dep3;


  MODEL:     [PsCon1 PsCon2 PsCon3](MP);
             [Dep1 Dep2 Dep3] (MD);
             PsCon1 WITH Dep1 PsCon2 Dep2 PsCon3 Dep3;
             Dep1 WITH PsCon2 Dep2 PsCon3 Dep3;
             PsCon2 WITH Dep2 PsCon3 Dep3;
             Dep2 WITH PsCon3 Dep3;
             PsCon3 WITH Dep3;

  OUTPUT:     TECH1 SAMPSTAT STANDARDIZED (STDYX) mod(4);





INPUT READING TERMINATED NORMALLY



Parenting style and depression in adolescents (Soenens et al., 2008)

SUMMARY OF ANALYSIS

Number of groups                                                 1
Number of observations                                         396

Number of dependent variables                                    6
Number of independent variables                                  0
Number of continuous latent variables                            0

Observed dependent variables

  Continuous
   PSCON1      DEP1        PSCON2      DEP2        PSCON3      DEP3


Estimator                                                       ML
Information matrix                                        EXPECTED
Maximum number of iterations                                  1000
Convergence criterion                                    0.500D-04
Maximum number of steepest descent iterations                   20

Input data file(s)
  Soenens.dat

Input data format  FREE


SAMPLE STATISTICS


     SAMPLE STATISTICS


           Means/Intercepts/Thresholds
              PSCON1        DEP1          PSCON2        DEP2          PSCON3
              ________      ________      ________      ________      ________
      1         1.940         9.450         1.940         8.510         1.980


           Means/Intercepts/Thresholds
              DEP3
              ________
      1         8.700


           Covariances/Correlations/Residual Correlations
              PSCON1        DEP1          PSCON2        DEP2          PSCON3
              ________      ________      ________      ________      ________
 PSCON1         0.397
 DEP1           1.436        37.946
 PSCON2         0.287         1.441         0.423
 DEP2           1.474        15.893         1.521        36.000
 PSCON3         0.287         1.340         0.323         1.714         0.462
 DEP3           1.048        14.419         1.481        17.741         1.885


           Covariances/Correlations/Residual Correlations
              DEP3
              ________
 DEP3          37.946


THE MODEL ESTIMATION TERMINATED NORMALLY



MODEL FIT INFORMATION

Number of Free Parameters                       23

Loglikelihood

          H0 Value                       -4529.145
          H1 Value                       -4522.269

Information Criteria

          Akaike (AIC)                    9104.290
          Bayesian (BIC)                  9195.863
          Sample-Size Adjusted BIC        9122.883
            (n* = (n + 2) / 24)

Chi-Square Test of Model Fit

          Value                             13.752
          Degrees of Freedom                     4
          P-Value                           0.0081

RMSEA (Root Mean Square Error Of Approximation)

          Estimate                           0.078
          90 Percent C.I.                    0.036  0.126
          Probability RMSEA <= .05           0.122

CFI/TLI

          CFI                                0.990
          TLI                                0.962

Chi-Square Test of Model Fit for the Baseline Model

          Value                            978.600
          Degrees of Freedom                    15
          P-Value                           0.0000

SRMR (Standardized Root Mean Square Residual)

          Value                              0.024



MODEL RESULTS

                                                    Two-Tailed
                    Estimate       S.E.  Est./S.E.    P-Value

 PSCON1   WITH
    DEP1               1.426      0.208      6.847      0.000
    PSCON2             0.286      0.025     11.413      0.000
    DEP2               1.474      0.204      7.235      0.000
    PSCON3             0.286      0.026     11.060      0.000
    DEP3               1.047      0.202      5.192      0.000

 DEP1     WITH
    PSCON2             1.431      0.214      6.683      0.000
    DEP2              15.652      2.024      7.735      0.000
    PSCON3             1.355      0.222      6.106      0.000
    DEP3              14.299      2.042      7.001      0.000

 PSCON2   WITH
    DEP2               1.521      0.210      7.235      0.000
    PSCON3             0.322      0.027     11.717      0.000
    DEP3               1.479      0.214      6.909      0.000

 DEP2     WITH
    PSCON3             1.700      0.222      7.653      0.000
    DEP3              17.741      2.059      8.617      0.000

 PSCON3   WITH
    DEP3               1.876      0.230      8.144      0.000

 Means
    PSCON1             1.951      0.029     66.987      0.000
    DEP1               8.837      0.239     36.933      0.000
    PSCON2             1.951      0.029     66.987      0.000
    DEP2               8.837      0.239     36.933      0.000
    PSCON3             1.951      0.029     66.987      0.000
    DEP3               8.837      0.239     36.933      0.000

 Variances
    PSCON1             0.396      0.028     14.071      0.000
    DEP1              38.226      2.717     14.071      0.000
    PSCON2             0.422      0.030     14.071      0.000
    DEP2              36.016      2.560     14.071      0.000
    PSCON3             0.462      0.033     14.071      0.000
    DEP3              37.868      2.691     14.071      0.000


STANDARDIZED MODEL RESULTS


STDYX Standardization

                                                    Two-Tailed
                    Estimate       S.E.  Est./S.E.    P-Value

 PSCON1   WITH
    DEP1               0.366      0.044      8.422      0.000
    PSCON2             0.700      0.026     27.323      0.000
    DEP2               0.390      0.043      9.163      0.000
    PSCON3             0.669      0.028     24.056      0.000
    DEP3               0.270      0.047      5.802      0.000

 DEP1     WITH
    PSCON2             0.357      0.044      8.128      0.000
    DEP2               0.422      0.041     10.212      0.000
    PSCON3             0.322      0.045      7.159      0.000
    DEP3               0.376      0.043      8.709      0.000

 PSCON2   WITH
    DEP2               0.390      0.043      9.162      0.000
    PSCON3             0.729      0.024     30.893      0.000
    DEP3               0.370      0.043      8.538      0.000

 DEP2     WITH
    PSCON3             0.417      0.042     10.033      0.000
    DEP3               0.480      0.039     12.427      0.000

 PSCON3   WITH
    DEP3               0.449      0.040     11.173      0.000

 Means
    PSCON1             3.100      0.119     25.946      0.000
    DEP1               1.429      0.064     22.385      0.000
    PSCON2             3.005      0.116     25.946      0.000
    DEP2               1.472      0.066     22.385      0.000
    PSCON3             2.870      0.111     25.946      0.000
    DEP3               1.436      0.064     22.385      0.000

 Variances
    PSCON1             1.000      0.000    999.000    999.000
    DEP1               1.000      0.000    999.000    999.000
    PSCON2             1.000      0.000    999.000    999.000
    DEP2               1.000      0.000    999.000    999.000
    PSCON3             1.000      0.000    999.000    999.000
    DEP3               1.000      0.000    999.000    999.000


R-SQUARE


QUALITY OF NUMERICAL RESULTS

     Condition Number for the Information Matrix              0.129E-03
       (ratio of smallest to largest eigenvalue)


MODEL MODIFICATION INDICES

NOTE:  Modification indices for direct effects of observed dependent variables
regressed on covariates may not be included.  To include these, request
MODINDICES (ALL).

Minimum M.I. value for printing the modification index     4.000

                            M.I.     E.P.C.  Std E.P.C.  StdYX E.P.C.

Means/Intercepts/Thresholds

[ DEP1     ]               10.205     0.632      0.632        0.102
[ PSCON3   ]                4.943     0.038      0.038        0.056


TECHNICAL 1 OUTPUT


     PARAMETER SPECIFICATION


           NU
              PSCON1        DEP1          PSCON2        DEP2          PSCON3
              ________      ________      ________      ________      ________
      1           1             2             1             2             1


           NU
              DEP3
              ________
      1           2


           THETA
              PSCON1        DEP1          PSCON2        DEP2          PSCON3
              ________      ________      ________      ________      ________
 PSCON1             3
 DEP1               4             5
 PSCON2             6             7             8
 DEP2               9            10            11            12
 PSCON3            13            14            15            16            17
 DEP3              18            19            20            21            22


           THETA
              DEP3
              ________
 DEP3              23


     STARTING VALUES


           NU
              PSCON1        DEP1          PSCON2        DEP2          PSCON3
              ________      ________      ________      ________      ________
      1         0.000         0.000         0.000         0.000         0.000


           NU
              DEP3
              ________
      1         0.000


           THETA
              PSCON1        DEP1          PSCON2        DEP2          PSCON3
              ________      ________      ________      ________      ________
 PSCON1         0.198
 DEP1           0.000        18.973
 PSCON2         0.000         0.000         0.211
 DEP2           0.000         0.000         0.000        18.000
 PSCON3         0.000         0.000         0.000         0.000         0.231
 DEP3           0.000         0.000         0.000         0.000         0.000


           THETA
              DEP3
              ________
 DEP3          18.973


DIAGRAM INFORMATION

  Use View Diagram under the Diagram menu in the Mplus Editor to view the diagram.
  If running Mplus from the Mplus Diagrammer, the diagram opens automatically.

  Diagram output
    c:\my dropbox\dynamic modeling lab\papers\sem and dynamic models\soenens\clpmpc1.dgm

     Beginning Time:  12:36:48
        Ending Time:  12:36:49
       Elapsed Time:  00:00:01



MUTHEN & MUTHEN
3463 Stoner Ave.
Los Angeles, CA  90066

Tel: (310) 391-9971
Fax: (310) 391-8971
Web: www.StatModel.com
Support: Support@StatModel.com

Copyright (c) 1998-2012 Muthen & Muthen
