Mplus VERSION 8.7 DEMO
MUTHEN & MUTHEN
05/17/2022   5:18 PM

INPUT INSTRUCTIONS

  TITLE:      Exercise 2

  DATA:       File is GPA.dat;

  VARIABLE:
  NAMES = ID sex hsGPA GPA1 GPA2 GPA3 GPA4 GPA5 GPA6 JOB1 JOB2 JOB3 JOB4 JOB5 JOB6 AU;
              USEVARIABLES = GPA1-GPA6;

  MODEL: i s q | GPA1@-5 GPA2@-3 GPA3@-1 GPA4@1 GPA5@3 GPA6@5;


  OUTPUT: SAMPSTAT TECH1 MOD(4) RES;



INPUT READING TERMINATED NORMALLY



Exercise 2

SUMMARY OF ANALYSIS

Number of groups                                                 1
Number of observations                                         200

Number of dependent variables                                    6
Number of independent variables                                  0
Number of continuous latent variables                            3

Observed dependent variables

  Continuous
   GPA1        GPA2        GPA3        GPA4        GPA5        GPA6

Continuous latent variables
   I           S           Q


Estimator                                                       ML
Information matrix                                        OBSERVED
Maximum number of iterations                                  1000
Convergence criterion                                    0.500D-04
Maximum number of steepest descent iterations                   20

Input data file(s)
  GPA.dat

Input data format  FREE


SAMPLE STATISTICS


     SAMPLE STATISTICS


           Means
              GPA1          GPA2          GPA3          GPA4          GPA5
              ________      ________      ________      ________      ________
                2.594         2.715         2.810         2.918         3.019


           Means
              GPA6
              ________
                3.134


           Covariances
              GPA1          GPA2          GPA3          GPA4          GPA5
              ________      ________      ________      ________      ________
 GPA1           0.097
 GPA2           0.036         0.113
 GPA3           0.026         0.051         0.124
 GPA4           0.021         0.056         0.083         0.125
 GPA5           0.024         0.061         0.090         0.106         0.128
 GPA6           0.025         0.054         0.089         0.111         0.118


           Covariances
              GPA6
              ________
 GPA6           0.141


           Correlations
              GPA1          GPA2          GPA3          GPA4          GPA5
              ________      ________      ________      ________      ________
 GPA1           1.000
 GPA2           0.343         1.000
 GPA3           0.237         0.430         1.000
 GPA4           0.189         0.469         0.665         1.000
 GPA5           0.217         0.506         0.713         0.839         1.000
 GPA6           0.217         0.432         0.668         0.832         0.880


           Correlations
              GPA6
              ________
 GPA6           1.000


UNIVARIATE SAMPLE STATISTICS


     UNIVARIATE HIGHER-ORDER MOMENT DESCRIPTIVE STATISTICS

         Variable/         Mean/     Skewness/   Minimum/ % with                Percentiles
        Sample Size      Variance    Kurtosis    Maximum  Min/Max      20%/60%    40%/80%    Median

     GPA1                  2.593       0.057       1.700    1.50%       2.400      2.500      2.600
             200.000       0.097       0.702       3.500    1.00%       2.700      2.800
     GPA2                  2.715       0.099       1.800    0.50%       2.400      2.700      2.700
             200.000       0.113       0.161       3.900    0.50%       2.800      3.000
     GPA3                  2.810      -0.062       2.000    1.50%       2.500      2.700      2.800
             200.000       0.124      -0.094       3.900    0.50%       3.000      3.100
     GPA4                  2.918       0.016       2.100    1.00%       2.600      2.800      2.900
             200.000       0.125      -0.251       4.000    0.50%       3.000      3.200
     GPA5                  3.019       0.183       2.200    2.00%       2.700      2.900      3.000
             200.000       0.128       0.036       4.000    1.00%       3.100      3.300
     GPA6                  3.134       0.188       2.300    0.50%       2.800      3.000      3.100
             200.000       0.141      -0.613       4.000    1.50%       3.200      3.400


THE MODEL ESTIMATION TERMINATED NORMALLY



MODEL FIT INFORMATION

Number of Free Parameters                       15

Loglikelihood

          H0 Value                         -32.342
          H1 Value                         -27.413

Information Criteria

          Akaike (AIC)                      94.685
          Bayesian (BIC)                   144.160
          Sample-Size Adjusted BIC          96.638
            (n* = (n + 2) / 24)

Chi-Square Test of Model Fit

          Value                              9.859
          Degrees of Freedom                    12
          P-Value                           0.6283

RMSEA (Root Mean Square Error Of Approximation)

          Estimate                           0.000
          90 Percent C.I.                    0.000  0.061
          Probability RMSEA <= .05           0.899

CFI/TLI

          CFI                                1.000
          TLI                                1.000

Chi-Square Test of Model Fit for the Baseline Model

          Value                            811.632
          Degrees of Freedom                    15
          P-Value                           0.0000

SRMR (Standardized Root Mean Square Residual)

          Value                              0.029



MODEL RESULTS

                                                    Two-Tailed
                    Estimate       S.E.  Est./S.E.    P-Value

 I        |
    GPA1               1.000      0.000    999.000    999.000
    GPA2               1.000      0.000    999.000    999.000
    GPA3               1.000      0.000    999.000    999.000
    GPA4               1.000      0.000    999.000    999.000
    GPA5               1.000      0.000    999.000    999.000
    GPA6               1.000      0.000    999.000    999.000

 S        |
    GPA1              -5.000      0.000    999.000    999.000
    GPA2              -3.000      0.000    999.000    999.000
    GPA3              -1.000      0.000    999.000    999.000
    GPA4               1.000      0.000    999.000    999.000
    GPA5               3.000      0.000    999.000    999.000
    GPA6               5.000      0.000    999.000    999.000

 Q        |
    GPA1              25.000      0.000    999.000    999.000
    GPA2               9.000      0.000    999.000    999.000
    GPA3               1.000      0.000    999.000    999.000
    GPA4               1.000      0.000    999.000    999.000
    GPA5               9.000      0.000    999.000    999.000
    GPA6              25.000      0.000    999.000    999.000

 S        WITH
    I                  0.007      0.001      7.092      0.000

 Q        WITH
    I                 -0.001      0.000     -4.136      0.000
    S                  0.000      0.000     -3.793      0.000

 Means
    I                  2.862      0.022    130.126      0.000
    S                  0.053      0.003     18.363      0.000
    Q                  0.000      0.001      0.191      0.849

 Intercepts
    GPA1               0.000      0.000    999.000    999.000
    GPA2               0.000      0.000    999.000    999.000
    GPA3               0.000      0.000    999.000    999.000
    GPA4               0.000      0.000    999.000    999.000
    GPA5               0.000      0.000    999.000    999.000
    GPA6               0.000      0.000    999.000    999.000

 Variances
    I                  0.085      0.010      8.731      0.000
    S                  0.001      0.000      6.288      0.000
    Q                  0.000      0.000      2.436      0.015

 Residual Variances
    GPA1               0.053      0.012      4.284      0.000
    GPA2               0.069      0.008      8.731      0.000
    GPA3               0.053      0.006      8.766      0.000
    GPA4               0.025      0.004      7.156      0.000
    GPA5               0.013      0.003      4.623      0.000
    GPA6               0.017      0.006      3.015      0.003


QUALITY OF NUMERICAL RESULTS

     Condition Number for the Information Matrix              0.980E-07
       (ratio of smallest to largest eigenvalue)


RESIDUAL OUTPUT


     ESTIMATED MODEL AND RESIDUALS (OBSERVED - ESTIMATED)


           Model Estimated Means
              GPA1          GPA2          GPA3          GPA4          GPA5
              ________      ________      ________      ________      ________
                2.599         2.704         2.809         2.916         3.023


           Model Estimated Means
              GPA6
              ________
                3.131


           Residuals for Means
              GPA1          GPA2          GPA3          GPA4          GPA5
              ________      ________      ________      ________      ________
               -0.006         0.012         0.001         0.002        -0.004


           Residuals for Means
              GPA6
              ________
                0.003


           Standardized Residuals (z-scores) for Means
              GPA1          GPA2          GPA3          GPA4          GPA5
              ________      ________      ________      ________      ________
               -0.829         0.707         0.041         0.246        -0.887


           Standardized Residuals (z-scores) for Means
              GPA6
              ________
                0.633


           Normalized Residuals for Means
              GPA1          GPA2          GPA3          GPA4          GPA5
              ________      ________      ________      ________      ________
               -0.273         0.486         0.024         0.089        -0.161


           Normalized Residuals for Means
              GPA6
              ________
                0.102


           Model Estimated Covariances
              GPA1          GPA2          GPA3          GPA4          GPA5
              ________      ________      ________      ________      ________
 GPA1           0.096
 GPA2           0.034         0.113
 GPA3           0.027         0.052         0.122
 GPA4           0.024         0.057         0.082         0.124
 GPA5           0.023         0.060         0.088         0.107         0.130
 GPA6           0.025         0.060         0.087         0.107         0.119


           Model Estimated Covariances
              GPA6
              ________
 GPA6           0.140


           Model Estimated Correlations
              GPA1          GPA2          GPA3          GPA4          GPA5
              ________      ________      ________      ________      ________
 GPA1           1.000
 GPA2           0.324         1.000
 GPA3           0.252         0.439         1.000
 GPA4           0.218         0.481         0.665         1.000
 GPA5           0.205         0.492         0.695         0.842         1.000
 GPA6           0.215         0.478         0.668         0.814         0.882


           Model Estimated Correlations
              GPA6
              ________
 GPA6           1.000


           Residuals for Covariances
              GPA1          GPA2          GPA3          GPA4          GPA5
              ________      ________      ________      ________      ________
 GPA1           0.000
 GPA2           0.002         0.000
 GPA3          -0.001        -0.001         0.002
 GPA4          -0.003        -0.001         0.001         0.002
 GPA5           0.001         0.001         0.002        -0.001        -0.003
 GPA6           0.000        -0.006         0.001         0.004        -0.001


           Residuals for Covariances
              GPA6
              ________
 GPA6           0.001


           Residuals for Correlations
              GPA1          GPA2          GPA3          GPA4          GPA5
              ________      ________      ________      ________      ________
 GPA1           0.000
 GPA2           0.019         0.000
 GPA3          -0.015        -0.009         0.000
 GPA4          -0.029        -0.013         0.000         0.000
 GPA5           0.012         0.014         0.019        -0.003         0.000
 GPA6           0.002        -0.046         0.000         0.017        -0.002


           Residuals for Correlations
              GPA6
              ________
 GPA6           0.000


           Standardized Residuals (z-scores) for Covariances
              GPA1          GPA2          GPA3          GPA4          GPA5
              ________      ________      ________      ________      ________
 GPA1           0.221
 GPA2           0.819        -0.067
 GPA3          -0.297        -0.108         0.291
 GPA4          -0.823        -0.207         0.260         0.330
 GPA5           0.385         0.164         0.439        -0.310        -1.637
 GPA6           0.141        -0.941         0.207         0.816       999.000


           Standardized Residuals (z-scores) for Covariances
              GPA6
              ________
 GPA6           0.445


           Normalized Residuals for Covariances
              GPA1          GPA2          GPA3          GPA4          GPA5
              ________      ________      ________      ________      ________
 GPA1           0.037
 GPA2           0.251        -0.034
 GPA3          -0.175        -0.074         0.175
 GPA4          -0.376        -0.130         0.122         0.142
 GPA5           0.145         0.102         0.205        -0.059        -0.201
 GPA6           0.045        -0.581         0.108         0.295        -0.066


           Normalized Residuals for Covariances
              GPA6
              ________
 GPA6           0.096


MODEL MODIFICATION INDICES

NOTE:  Modification indices for direct effects of observed dependent variables
regressed on covariates may not be included.  To include these, request
MODINDICES (ALL).

Minimum M.I. value for printing the modification index     4.000

                                   M.I.     E.P.C.  Std E.P.C.  StdYX E.P.C.

WITH Statements

GPA6     WITH GPA2                 4.845    -0.008     -0.008       -0.235
GPA6     WITH GPA4                 5.237     0.007      0.007        0.339
GPA6     WITH GPA5                 4.631    -0.022     -0.022       -1.529


TECHNICAL 1 OUTPUT


     PARAMETER SPECIFICATION


           NU
              GPA1          GPA2          GPA3          GPA4          GPA5
              ________      ________      ________      ________      ________
                  0             0             0             0             0


           NU
              GPA6
              ________
                  0


           LAMBDA
              I             S             Q
              ________      ________      ________
 GPA1               0             0             0
 GPA2               0             0             0
 GPA3               0             0             0
 GPA4               0             0             0
 GPA5               0             0             0
 GPA6               0             0             0


           THETA
              GPA1          GPA2          GPA3          GPA4          GPA5
              ________      ________      ________      ________      ________
 GPA1               1
 GPA2               0             2
 GPA3               0             0             3
 GPA4               0             0             0             4
 GPA5               0             0             0             0             5
 GPA6               0             0             0             0             0


           THETA
              GPA6
              ________
 GPA6               6


           ALPHA
              I             S             Q
              ________      ________      ________
                  7             8             9


           BETA
              I             S             Q
              ________      ________      ________
 I                  0             0             0
 S                  0             0             0
 Q                  0             0             0


           PSI
              I             S             Q
              ________      ________      ________
 I                 10
 S                 11            12
 Q                 13            14            15


     STARTING VALUES


           NU
              GPA1          GPA2          GPA3          GPA4          GPA5
              ________      ________      ________      ________      ________
                0.000         0.000         0.000         0.000         0.000


           NU
              GPA6
              ________
                0.000


           LAMBDA
              I             S             Q
              ________      ________      ________
 GPA1           1.000        -5.000        25.000
 GPA2           1.000        -3.000         9.000
 GPA3           1.000        -1.000         1.000
 GPA4           1.000         1.000         1.000
 GPA5           1.000         3.000         9.000
 GPA6           1.000         5.000        25.000


           THETA
              GPA1          GPA2          GPA3          GPA4          GPA5
              ________      ________      ________      ________      ________
 GPA1           0.048
 GPA2           0.000         0.056
 GPA3           0.000         0.000         0.062
 GPA4           0.000         0.000         0.000         0.063
 GPA5           0.000         0.000         0.000         0.000         0.064
 GPA6           0.000         0.000         0.000         0.000         0.000


           THETA
              GPA6
              ________
 GPA6           0.071


           ALPHA
              I             S             Q
              ________      ________      ________
                2.865         0.053         0.000


           BETA
              I             S             Q
              ________      ________      ________
 I              0.000         0.000         0.000
 S              0.000         0.000         0.000
 Q              0.000         0.000         0.000


           PSI
              I             S             Q
              ________      ________      ________
 I              0.101
 S              0.000         0.002
 Q              0.000         0.000         0.000


DIAGRAM INFORMATION

  Use View Diagram under the Diagram menu in the Mplus Editor to view the diagram.
  If running Mplus from the Mplus Diagrammer, the diagram opens automatically.

  Diagram output
    c:\users\nina-\documents\github\causal-inference-sem\structural-equation-modelling\data lab 3\lab 3 mplus.dgm

     Beginning Time:  17:18:11
        Ending Time:  17:18:11
       Elapsed Time:  00:00:00


Mplus VERSION 8.7 DEMO has the following limitations:
  Maximum number of dependent variables: 6
  Maximum number of independent variables: 2
  Maximum number of between variables: 2
  Maximum number of continuous latent variables in time series analysis: 2


MUTHEN & MUTHEN
3463 Stoner Ave.
Los Angeles, CA  90066

Tel: (310) 391-9971
Fax: (310) 391-8971
Web: www.StatModel.com
Support: Support@StatModel.com

Copyright (c) 1998-2021 Muthen & Muthen
